<?xml version="1.0" encoding="UTF-8"?>
<testsuite name="com.eusebioapps.api.ApiApplicationTests" tests="1" skipped="0" failures="0" errors="0" timestamp="2022-03-15T16:42:05" hostname="EUSEBIO-PC" time="0.273">
  <properties/>
  <testcase name="contextLoads()" classname="com.eusebioapps.api.ApiApplicationTests" time="0.273"/>
  <system-out><![CDATA[00:41:55.454 [Test worker] DEBUG org.springframework.test.context.BootstrapUtils - Instantiating CacheAwareContextLoaderDelegate from class [org.springframework.test.context.cache.DefaultCacheAwareContextLoaderDelegate]
00:41:55.481 [Test worker] DEBUG org.springframework.test.context.BootstrapUtils - Instantiating BootstrapContext using constructor [public org.springframework.test.context.support.DefaultBootstrapContext(java.lang.Class,org.springframework.test.context.CacheAwareContextLoaderDelegate)]
00:41:55.516 [Test worker] DEBUG org.springframework.test.context.BootstrapUtils - Instantiating TestContextBootstrapper for test class [com.eusebioapps.api.ApiApplicationTests] from class [org.springframework.boot.test.context.SpringBootTestContextBootstrapper]
00:41:55.529 [Test worker] INFO org.springframework.boot.test.context.SpringBootTestContextBootstrapper - Neither @ContextConfiguration nor @ContextHierarchy found for test class [com.eusebioapps.api.ApiApplicationTests], using SpringBootContextLoader
00:41:55.534 [Test worker] DEBUG org.springframework.test.context.support.AbstractContextLoader - Did not detect default resource location for test class [com.eusebioapps.api.ApiApplicationTests]: class path resource [com/eusebioapps/api/ApiApplicationTests-context.xml] does not exist
00:41:55.535 [Test worker] DEBUG org.springframework.test.context.support.AbstractContextLoader - Did not detect default resource location for test class [com.eusebioapps.api.ApiApplicationTests]: class path resource [com/eusebioapps/api/ApiApplicationTestsContext.groovy] does not exist
00:41:55.536 [Test worker] INFO org.springframework.test.context.support.AbstractContextLoader - Could not detect default resource locations for test class [com.eusebioapps.api.ApiApplicationTests]: no resource found for suffixes {-context.xml, Context.groovy}.
00:41:55.537 [Test worker] INFO org.springframework.test.context.support.AnnotationConfigContextLoaderUtils - Could not detect default configuration classes for test class [com.eusebioapps.api.ApiApplicationTests]: ApiApplicationTests does not declare any static, non-private, non-final, nested classes annotated with @Configuration.
00:41:55.635 [Test worker] DEBUG org.springframework.test.context.support.ActiveProfilesUtils - Could not find an 'annotation declaring class' for annotation type [org.springframework.test.context.ActiveProfiles] and class [com.eusebioapps.api.ApiApplicationTests]
00:41:55.732 [Test worker] DEBUG org.springframework.context.annotation.ClassPathScanningCandidateComponentProvider - Identified candidate component class: file [D:\Code\eusebioapps\churchqr\api\build\classes\kotlin\main\com\eusebioapps\api\ApiApplication.class]
00:41:55.734 [Test worker] INFO org.springframework.boot.test.context.SpringBootTestContextBootstrapper - Found @SpringBootConfiguration com.eusebioapps.api.ApiApplication for test class com.eusebioapps.api.ApiApplicationTests
00:41:55.882 [Test worker] DEBUG org.springframework.boot.test.context.SpringBootTestContextBootstrapper - @TestExecutionListeners is not present for class [com.eusebioapps.api.ApiApplicationTests]: using defaults.
00:41:55.883 [Test worker] INFO org.springframework.boot.test.context.SpringBootTestContextBootstrapper - Loaded default TestExecutionListener class names from location [META-INF/spring.factories]: [org.springframework.boot.test.autoconfigure.restdocs.RestDocsTestExecutionListener, org.springframework.boot.test.autoconfigure.web.client.MockRestServiceServerResetTestExecutionListener, org.springframework.boot.test.autoconfigure.web.servlet.MockMvcPrintOnlyOnFailureTestExecutionListener, org.springframework.boot.test.autoconfigure.web.servlet.WebDriverTestExecutionListener, org.springframework.boot.test.autoconfigure.webservices.client.MockWebServiceServerTestExecutionListener, org.springframework.boot.test.mock.mockito.MockitoTestExecutionListener, org.springframework.boot.test.mock.mockito.ResetMocksTestExecutionListener, org.springframework.test.context.web.ServletTestExecutionListener, org.springframework.test.context.support.DirtiesContextBeforeModesTestExecutionListener, org.springframework.test.context.event.ApplicationEventsTestExecutionListener, org.springframework.test.context.support.DependencyInjectionTestExecutionListener, org.springframework.test.context.support.DirtiesContextTestExecutionListener, org.springframework.test.context.transaction.TransactionalTestExecutionListener, org.springframework.test.context.jdbc.SqlScriptsTestExecutionListener, org.springframework.test.context.event.EventPublishingTestExecutionListener]
00:41:55.916 [Test worker] INFO org.springframework.boot.test.context.SpringBootTestContextBootstrapper - Using TestExecutionListeners: [org.springframework.test.context.web.ServletTestExecutionListener@572586c4, org.springframework.test.context.support.DirtiesContextBeforeModesTestExecutionListener@461ea9e1, org.springframework.test.context.event.ApplicationEventsTestExecutionListener@4642b122, org.springframework.boot.test.mock.mockito.MockitoTestExecutionListener@2bf42d6d, org.springframework.boot.test.autoconfigure.SpringBootDependencyInjectionTestExecutionListener@509c9d71, org.springframework.test.context.support.DirtiesContextTestExecutionListener@637e6722, org.springframework.test.context.transaction.TransactionalTestExecutionListener@30e611ce, org.springframework.test.context.jdbc.SqlScriptsTestExecutionListener@3af3ddfa, org.springframework.test.context.event.EventPublishingTestExecutionListener@e30b8c0, org.springframework.boot.test.autoconfigure.restdocs.RestDocsTestExecutionListener@1e679953, org.springframework.boot.test.autoconfigure.web.client.MockRestServiceServerResetTestExecutionListener@1e8f8330, org.springframework.boot.test.autoconfigure.web.servlet.MockMvcPrintOnlyOnFailureTestExecutionListener@3a379116, org.springframework.boot.test.autoconfigure.web.servlet.WebDriverTestExecutionListener@31cac828, org.springframework.boot.test.autoconfigure.webservices.client.MockWebServiceServerTestExecutionListener@13c57243, org.springframework.boot.test.mock.mockito.ResetMocksTestExecutionListener@7131e508]
00:41:55.922 [Test worker] DEBUG org.springframework.test.context.support.AbstractDirtiesContextTestExecutionListener - Before test class: context [DefaultTestContext@700848c0 testClass = ApiApplicationTests, testInstance = [null], testMethod = [null], testException = [null], mergedContextConfiguration = [WebMergedContextConfiguration@84eb323 testClass = ApiApplicationTests, locations = '{}', classes = '{class com.eusebioapps.api.ApiApplication}', contextInitializerClasses = '[]', activeProfiles = '{}', propertySourceLocations = '{}', propertySourceProperties = '{org.springframework.boot.test.context.SpringBootTestContextBootstrapper=true}', contextCustomizers = set[org.springframework.boot.test.autoconfigure.actuate.metrics.MetricsExportContextCustomizerFactory$DisableMetricExportContextCustomizer@63e05569, org.springframework.boot.test.autoconfigure.properties.PropertyMappingContextCustomizer@0, org.springframework.boot.test.autoconfigure.web.servlet.WebDriverContextCustomizerFactory$Customizer@7fb2cf8e, org.springframework.boot.test.context.filter.ExcludeFilterContextCustomizer@2a7780b7, org.springframework.boot.test.json.DuplicateJsonObjectContextCustomizerFactory$DuplicateJsonObjectContextCustomizer@25180220, org.springframework.boot.test.mock.mockito.MockitoContextCustomizer@0, org.springframework.boot.test.web.client.TestRestTemplateContextCustomizer@6eba219d, org.springframework.boot.test.context.SpringBootTestArgs@1, org.springframework.boot.test.context.SpringBootTestWebEnvironment@604e43e8], resourceBasePath = 'src/main/webapp', contextLoader = 'org.springframework.boot.test.context.SpringBootContextLoader', parent = [null]], attributes = map['org.springframework.test.context.web.ServletTestExecutionListener.activateListener' -> true]], class annotated with @DirtiesContext [false] with mode [null].
00:41:55.977 [Test worker] DEBUG org.springframework.test.context.support.TestPropertySourceUtils - Adding inlined properties to environment: {spring.jmx.enabled=false, org.springframework.boot.test.context.SpringBootTestContextBootstrapper=true}

  .   ____          _            __ _ _
 /\\ / ___'_ __ _ _(_)_ __  __ _ \ \ \ \
( ( )\___ | '_ | '_| | '_ \/ _` | \ \ \ \
 \\/  ___)| |_)| | | | | || (_| |  ) ) ) )
  '  |____| .__|_| |_|_| |_\__, | / / / /
 =========|_|==============|___/=/_/_/_/
 :: Spring Boot ::                (v2.4.3)

2022-03-16 00:41:56.552  INFO 15952 --- [    Test worker] com.eusebioapps.api.ApiApplicationTests  : Starting ApiApplicationTests using Java 11 on EUSEBIO-PC with PID 15952 (started by aceeu in D:\Code\eusebioapps\churchqr\api)
2022-03-16 00:41:56.555 DEBUG 15952 --- [    Test worker] com.eusebioapps.api.ApiApplicationTests  : Running with Spring Boot v2.4.3, Spring v5.3.4
2022-03-16 00:41:56.556  INFO 15952 --- [    Test worker] com.eusebioapps.api.ApiApplicationTests  : No active profile set, falling back to default profiles: default
2022-03-16 00:41:58.980  INFO 15952 --- [    Test worker] .s.d.r.c.RepositoryConfigurationDelegate : Bootstrapping Spring Data JPA repositories in DEFAULT mode.
2022-03-16 00:41:59.066  INFO 15952 --- [    Test worker] .s.d.r.c.RepositoryConfigurationDelegate : Finished Spring Data repository scanning in 75 ms. Found 3 JPA repository interfaces.
2022-03-16 00:42:00.080  INFO 15952 --- [    Test worker] o.hibernate.jpa.internal.util.LogHelper  : HHH000204: Processing PersistenceUnitInfo [name: default]
2022-03-16 00:42:00.170  INFO 15952 --- [    Test worker] org.hibernate.Version                    : HHH000412: Hibernate ORM core version 5.4.28.Final
2022-03-16 00:42:00.345  INFO 15952 --- [    Test worker] o.hibernate.annotations.common.Version   : HCANN000001: Hibernate Commons Annotations {5.1.2.Final}
2022-03-16 00:42:00.480  INFO 15952 --- [    Test worker] com.zaxxer.hikari.HikariDataSource       : HikariPool-1 - Starting...
2022-03-16 00:42:01.079  INFO 15952 --- [    Test worker] com.zaxxer.hikari.HikariDataSource       : HikariPool-1 - Start completed.
2022-03-16 00:42:01.098  INFO 15952 --- [    Test worker] org.hibernate.dialect.Dialect            : HHH000400: Using dialect: org.hibernate.dialect.MySQL5InnoDBDialect
2022-03-16 00:42:01.938  INFO 15952 --- [    Test worker] o.h.e.t.j.p.i.JtaPlatformInitiator       : HHH000490: Using JtaPlatform implementation: [org.hibernate.engine.transaction.jta.platform.internal.NoJtaPlatform]
2022-03-16 00:42:01.950  INFO 15952 --- [    Test worker] j.LocalContainerEntityManagerFactoryBean : Initialized JPA EntityManagerFactory for persistence unit 'default'
2022-03-16 00:42:03.345  WARN 15952 --- [    Test worker] JpaBaseConfiguration$JpaWebConfiguration : spring.jpa.open-in-view is enabled by default. Therefore, database queries may be performed during view rendering. Explicitly configure spring.jpa.open-in-view to disable this warning
2022-03-16 00:42:04.191  INFO 15952 --- [    Test worker] o.s.s.concurrent.ThreadPoolTaskExecutor  : Initializing ExecutorService 'applicationTaskExecutor'
2022-03-16 00:42:05.193  INFO 15952 --- [    Test worker] o.s.s.c.ThreadPoolTaskScheduler          : Initializing ExecutorService 'taskScheduler'
2022-03-16 00:42:05.247  INFO 15952 --- [    Test worker] o.s.b.a.e.web.EndpointLinksResolver      : Exposing 2 endpoint(s) beneath base path '/actuator'
2022-03-16 00:42:05.326  INFO 15952 --- [    Test worker] com.eusebioapps.api.ApiApplicationTests  : Started ApiApplicationTests in 9.34 seconds (JVM running for 11.293)
]]></system-out>
  <system-err><![CDATA[]]></system-err>
</testsuite>
