<?xml version="1.0" encoding="UTF-8"?>
<testsuite name="com.eusebioapps.api.ApiApplicationTests" tests="1" skipped="0" failures="0" errors="0" timestamp="2022-01-02T02:23:43" hostname="EUSEBIO-PC" time="0.254">
  <properties/>
  <testcase name="contextLoads()" classname="com.eusebioapps.api.ApiApplicationTests" time="0.254"/>
  <system-out><![CDATA[10:23:37.333 [Test worker] DEBUG org.springframework.test.context.BootstrapUtils - Instantiating CacheAwareContextLoaderDelegate from class [org.springframework.test.context.cache.DefaultCacheAwareContextLoaderDelegate]
10:23:37.345 [Test worker] DEBUG org.springframework.test.context.BootstrapUtils - Instantiating BootstrapContext using constructor [public org.springframework.test.context.support.DefaultBootstrapContext(java.lang.Class,org.springframework.test.context.CacheAwareContextLoaderDelegate)]
10:23:37.377 [Test worker] DEBUG org.springframework.test.context.BootstrapUtils - Instantiating TestContextBootstrapper for test class [com.eusebioapps.api.ApiApplicationTests] from class [org.springframework.boot.test.context.SpringBootTestContextBootstrapper]
10:23:37.388 [Test worker] INFO org.springframework.boot.test.context.SpringBootTestContextBootstrapper - Neither @ContextConfiguration nor @ContextHierarchy found for test class [com.eusebioapps.api.ApiApplicationTests], using SpringBootContextLoader
10:23:37.391 [Test worker] DEBUG org.springframework.test.context.support.AbstractContextLoader - Did not detect default resource location for test class [com.eusebioapps.api.ApiApplicationTests]: class path resource [com/eusebioapps/api/ApiApplicationTests-context.xml] does not exist
10:23:37.392 [Test worker] DEBUG org.springframework.test.context.support.AbstractContextLoader - Did not detect default resource location for test class [com.eusebioapps.api.ApiApplicationTests]: class path resource [com/eusebioapps/api/ApiApplicationTestsContext.groovy] does not exist
10:23:37.392 [Test worker] INFO org.springframework.test.context.support.AbstractContextLoader - Could not detect default resource locations for test class [com.eusebioapps.api.ApiApplicationTests]: no resource found for suffixes {-context.xml, Context.groovy}.
10:23:37.392 [Test worker] INFO org.springframework.test.context.support.AnnotationConfigContextLoaderUtils - Could not detect default configuration classes for test class [com.eusebioapps.api.ApiApplicationTests]: ApiApplicationTests does not declare any static, non-private, non-final, nested classes annotated with @Configuration.
10:23:37.431 [Test worker] DEBUG org.springframework.test.context.support.ActiveProfilesUtils - Could not find an 'annotation declaring class' for annotation type [org.springframework.test.context.ActiveProfiles] and class [com.eusebioapps.api.ApiApplicationTests]
10:23:37.484 [Test worker] DEBUG org.springframework.context.annotation.ClassPathScanningCandidateComponentProvider - Identified candidate component class: file [D:\Code\eusebioapps\churchqr\api\build\classes\kotlin\main\com\eusebioapps\api\ApiApplication.class]
10:23:37.486 [Test worker] INFO org.springframework.boot.test.context.SpringBootTestContextBootstrapper - Found @SpringBootConfiguration com.eusebioapps.api.ApiApplication for test class com.eusebioapps.api.ApiApplicationTests
10:23:37.587 [Test worker] DEBUG org.springframework.boot.test.context.SpringBootTestContextBootstrapper - @TestExecutionListeners is not present for class [com.eusebioapps.api.ApiApplicationTests]: using defaults.
10:23:37.588 [Test worker] INFO org.springframework.boot.test.context.SpringBootTestContextBootstrapper - Loaded default TestExecutionListener class names from location [META-INF/spring.factories]: [org.springframework.boot.test.autoconfigure.restdocs.RestDocsTestExecutionListener, org.springframework.boot.test.autoconfigure.web.client.MockRestServiceServerResetTestExecutionListener, org.springframework.boot.test.autoconfigure.web.servlet.MockMvcPrintOnlyOnFailureTestExecutionListener, org.springframework.boot.test.autoconfigure.web.servlet.WebDriverTestExecutionListener, org.springframework.boot.test.autoconfigure.webservices.client.MockWebServiceServerTestExecutionListener, org.springframework.boot.test.mock.mockito.MockitoTestExecutionListener, org.springframework.boot.test.mock.mockito.ResetMocksTestExecutionListener, org.springframework.test.context.web.ServletTestExecutionListener, org.springframework.test.context.support.DirtiesContextBeforeModesTestExecutionListener, org.springframework.test.context.event.ApplicationEventsTestExecutionListener, org.springframework.test.context.support.DependencyInjectionTestExecutionListener, org.springframework.test.context.support.DirtiesContextTestExecutionListener, org.springframework.test.context.transaction.TransactionalTestExecutionListener, org.springframework.test.context.jdbc.SqlScriptsTestExecutionListener, org.springframework.test.context.event.EventPublishingTestExecutionListener]
10:23:37.605 [Test worker] INFO org.springframework.boot.test.context.SpringBootTestContextBootstrapper - Using TestExecutionListeners: [org.springframework.test.context.web.ServletTestExecutionListener@cb10069, org.springframework.test.context.support.DirtiesContextBeforeModesTestExecutionListener@6d96ca5a, org.springframework.test.context.event.ApplicationEventsTestExecutionListener@670d6696, org.springframework.boot.test.mock.mockito.MockitoTestExecutionListener@78d104ec, org.springframework.boot.test.autoconfigure.SpringBootDependencyInjectionTestExecutionListener@7ce7e1d7, org.springframework.test.context.support.DirtiesContextTestExecutionListener@2778300b, org.springframework.test.context.transaction.TransactionalTestExecutionListener@2b4ddba4, org.springframework.test.context.jdbc.SqlScriptsTestExecutionListener@5bcb4c45, org.springframework.test.context.event.EventPublishingTestExecutionListener@1861f7b2, org.springframework.boot.test.autoconfigure.restdocs.RestDocsTestExecutionListener@7e7f64dd, org.springframework.boot.test.autoconfigure.web.client.MockRestServiceServerResetTestExecutionListener@3baa104d, org.springframework.boot.test.autoconfigure.web.servlet.MockMvcPrintOnlyOnFailureTestExecutionListener@3a02ca19, org.springframework.boot.test.autoconfigure.web.servlet.WebDriverTestExecutionListener@2dc9668c, org.springframework.boot.test.autoconfigure.webservices.client.MockWebServiceServerTestExecutionListener@2895a664, org.springframework.boot.test.mock.mockito.ResetMocksTestExecutionListener@4356e343]
10:23:37.609 [Test worker] DEBUG org.springframework.test.context.support.AbstractDirtiesContextTestExecutionListener - Before test class: context [DefaultTestContext@7d91384f testClass = ApiApplicationTests, testInstance = [null], testMethod = [null], testException = [null], mergedContextConfiguration = [WebMergedContextConfiguration@132e6bec testClass = ApiApplicationTests, locations = '{}', classes = '{class com.eusebioapps.api.ApiApplication}', contextInitializerClasses = '[]', activeProfiles = '{}', propertySourceLocations = '{}', propertySourceProperties = '{org.springframework.boot.test.context.SpringBootTestContextBootstrapper=true}', contextCustomizers = set[org.springframework.boot.test.autoconfigure.actuate.metrics.MetricsExportContextCustomizerFactory$DisableMetricExportContextCustomizer@5695e50c, org.springframework.boot.test.autoconfigure.properties.PropertyMappingContextCustomizer@0, org.springframework.boot.test.autoconfigure.web.servlet.WebDriverContextCustomizerFactory$Customizer@686b3303, org.springframework.boot.test.context.filter.ExcludeFilterContextCustomizer@7f0797e6, org.springframework.boot.test.json.DuplicateJsonObjectContextCustomizerFactory$DuplicateJsonObjectContextCustomizer@82514af, org.springframework.boot.test.mock.mockito.MockitoContextCustomizer@0, org.springframework.boot.test.web.client.TestRestTemplateContextCustomizer@5ea96e61, org.springframework.boot.test.context.SpringBootTestArgs@1, org.springframework.boot.test.context.SpringBootTestWebEnvironment@5dd1a2ca], resourceBasePath = 'src/main/webapp', contextLoader = 'org.springframework.boot.test.context.SpringBootContextLoader', parent = [null]], attributes = map['org.springframework.test.context.web.ServletTestExecutionListener.activateListener' -> true]], class annotated with @DirtiesContext [false] with mode [null].
10:23:37.642 [Test worker] DEBUG org.springframework.test.context.support.TestPropertySourceUtils - Adding inlined properties to environment: {spring.jmx.enabled=false, org.springframework.boot.test.context.SpringBootTestContextBootstrapper=true}

  .   ____          _            __ _ _
 /\\ / ___'_ __ _ _(_)_ __  __ _ \ \ \ \
( ( )\___ | '_ | '_| | '_ \/ _` | \ \ \ \
 \\/  ___)| |_)| | | | | || (_| |  ) ) ) )
  '  |____| .__|_| |_|_| |_\__, | / / / /
 =========|_|==============|___/=/_/_/_/
 :: Spring Boot ::                (v2.4.3)

2022-01-02 10:23:37.884  INFO 1448 --- [    Test worker] com.eusebioapps.api.ApiApplicationTests  : Starting ApiApplicationTests using Java 11 on EUSEBIO-PC with PID 1448 (started by aceeu in D:\Code\eusebioapps\churchqr\api)
2022-01-02 10:23:37.885 DEBUG 1448 --- [    Test worker] com.eusebioapps.api.ApiApplicationTests  : Running with Spring Boot v2.4.3, Spring v5.3.4
2022-01-02 10:23:37.886  INFO 1448 --- [    Test worker] com.eusebioapps.api.ApiApplicationTests  : No active profile set, falling back to default profiles: default
2022-01-02 10:23:38.774  INFO 1448 --- [    Test worker] .s.d.r.c.RepositoryConfigurationDelegate : Bootstrapping Spring Data JPA repositories in DEFAULT mode.
2022-01-02 10:23:38.834  INFO 1448 --- [    Test worker] .s.d.r.c.RepositoryConfigurationDelegate : Finished Spring Data repository scanning in 53 ms. Found 3 JPA repository interfaces.
2022-01-02 10:23:39.379  INFO 1448 --- [    Test worker] o.hibernate.jpa.internal.util.LogHelper  : HHH000204: Processing PersistenceUnitInfo [name: default]
2022-01-02 10:23:39.440  INFO 1448 --- [    Test worker] org.hibernate.Version                    : HHH000412: Hibernate ORM core version 5.4.28.Final
2022-01-02 10:23:39.591  INFO 1448 --- [    Test worker] o.hibernate.annotations.common.Version   : HCANN000001: Hibernate Commons Annotations {5.1.2.Final}
2022-01-02 10:23:39.702  INFO 1448 --- [    Test worker] com.zaxxer.hikari.HikariDataSource       : HikariPool-1 - Starting...
2022-01-02 10:23:40.364  INFO 1448 --- [    Test worker] com.zaxxer.hikari.HikariDataSource       : HikariPool-1 - Start completed.
2022-01-02 10:23:40.382  INFO 1448 --- [    Test worker] org.hibernate.dialect.Dialect            : HHH000400: Using dialect: org.hibernate.dialect.MySQL5InnoDBDialect
2022-01-02 10:23:41.052  INFO 1448 --- [    Test worker] o.h.e.t.j.p.i.JtaPlatformInitiator       : HHH000490: Using JtaPlatform implementation: [org.hibernate.engine.transaction.jta.platform.internal.NoJtaPlatform]
2022-01-02 10:23:41.063  INFO 1448 --- [    Test worker] j.LocalContainerEntityManagerFactoryBean : Initialized JPA EntityManagerFactory for persistence unit 'default'
2022-01-02 10:23:42.036  WARN 1448 --- [    Test worker] JpaBaseConfiguration$JpaWebConfiguration : spring.jpa.open-in-view is enabled by default. Therefore, database queries may be performed during view rendering. Explicitly configure spring.jpa.open-in-view to disable this warning
2022-01-02 10:23:42.401  INFO 1448 --- [    Test worker] o.s.s.concurrent.ThreadPoolTaskExecutor  : Initializing ExecutorService 'applicationTaskExecutor'
2022-01-02 10:23:42.912  INFO 1448 --- [    Test worker] o.s.s.c.ThreadPoolTaskScheduler          : Initializing ExecutorService 'taskScheduler'
2022-01-02 10:23:42.947  INFO 1448 --- [    Test worker] o.s.b.a.e.web.EndpointLinksResolver      : Exposing 2 endpoint(s) beneath base path '/actuator'
2022-01-02 10:23:43.011  INFO 1448 --- [    Test worker] com.eusebioapps.api.ApiApplicationTests  : Started ApiApplicationTests in 5.363 seconds (JVM running for 6.696)
]]></system-out>
  <system-err><![CDATA[]]></system-err>
</testsuite>
