<?xml version="1.0" encoding="UTF-8"?>
<testsuite name="com.eusebioapps.api.ApiApplicationTests" tests="1" skipped="0" failures="0" errors="0" timestamp="2022-03-02T14:12:36" hostname="EUSEBIO-PC" time="0.229">
  <properties/>
  <testcase name="contextLoads()" classname="com.eusebioapps.api.ApiApplicationTests" time="0.229"/>
  <system-out><![CDATA[22:12:29.757 [Test worker] DEBUG org.springframework.test.context.BootstrapUtils - Instantiating CacheAwareContextLoaderDelegate from class [org.springframework.test.context.cache.DefaultCacheAwareContextLoaderDelegate]
22:12:29.770 [Test worker] DEBUG org.springframework.test.context.BootstrapUtils - Instantiating BootstrapContext using constructor [public org.springframework.test.context.support.DefaultBootstrapContext(java.lang.Class,org.springframework.test.context.CacheAwareContextLoaderDelegate)]
22:12:29.804 [Test worker] DEBUG org.springframework.test.context.BootstrapUtils - Instantiating TestContextBootstrapper for test class [com.eusebioapps.api.ApiApplicationTests] from class [org.springframework.boot.test.context.SpringBootTestContextBootstrapper]
22:12:29.814 [Test worker] INFO org.springframework.boot.test.context.SpringBootTestContextBootstrapper - Neither @ContextConfiguration nor @ContextHierarchy found for test class [com.eusebioapps.api.ApiApplicationTests], using SpringBootContextLoader
22:12:29.819 [Test worker] DEBUG org.springframework.test.context.support.AbstractContextLoader - Did not detect default resource location for test class [com.eusebioapps.api.ApiApplicationTests]: class path resource [com/eusebioapps/api/ApiApplicationTests-context.xml] does not exist
22:12:29.820 [Test worker] DEBUG org.springframework.test.context.support.AbstractContextLoader - Did not detect default resource location for test class [com.eusebioapps.api.ApiApplicationTests]: class path resource [com/eusebioapps/api/ApiApplicationTestsContext.groovy] does not exist
22:12:29.820 [Test worker] INFO org.springframework.test.context.support.AbstractContextLoader - Could not detect default resource locations for test class [com.eusebioapps.api.ApiApplicationTests]: no resource found for suffixes {-context.xml, Context.groovy}.
22:12:29.820 [Test worker] INFO org.springframework.test.context.support.AnnotationConfigContextLoaderUtils - Could not detect default configuration classes for test class [com.eusebioapps.api.ApiApplicationTests]: ApiApplicationTests does not declare any static, non-private, non-final, nested classes annotated with @Configuration.
22:12:29.869 [Test worker] DEBUG org.springframework.test.context.support.ActiveProfilesUtils - Could not find an 'annotation declaring class' for annotation type [org.springframework.test.context.ActiveProfiles] and class [com.eusebioapps.api.ApiApplicationTests]
22:12:29.934 [Test worker] DEBUG org.springframework.context.annotation.ClassPathScanningCandidateComponentProvider - Identified candidate component class: file [D:\Code\eusebioapps\churchqr\api\build\classes\kotlin\main\com\eusebioapps\api\ApiApplication.class]
22:12:29.936 [Test worker] INFO org.springframework.boot.test.context.SpringBootTestContextBootstrapper - Found @SpringBootConfiguration com.eusebioapps.api.ApiApplication for test class com.eusebioapps.api.ApiApplicationTests
22:12:30.084 [Test worker] DEBUG org.springframework.boot.test.context.SpringBootTestContextBootstrapper - @TestExecutionListeners is not present for class [com.eusebioapps.api.ApiApplicationTests]: using defaults.
22:12:30.085 [Test worker] INFO org.springframework.boot.test.context.SpringBootTestContextBootstrapper - Loaded default TestExecutionListener class names from location [META-INF/spring.factories]: [org.springframework.boot.test.autoconfigure.restdocs.RestDocsTestExecutionListener, org.springframework.boot.test.autoconfigure.web.client.MockRestServiceServerResetTestExecutionListener, org.springframework.boot.test.autoconfigure.web.servlet.MockMvcPrintOnlyOnFailureTestExecutionListener, org.springframework.boot.test.autoconfigure.web.servlet.WebDriverTestExecutionListener, org.springframework.boot.test.autoconfigure.webservices.client.MockWebServiceServerTestExecutionListener, org.springframework.boot.test.mock.mockito.MockitoTestExecutionListener, org.springframework.boot.test.mock.mockito.ResetMocksTestExecutionListener, org.springframework.test.context.web.ServletTestExecutionListener, org.springframework.test.context.support.DirtiesContextBeforeModesTestExecutionListener, org.springframework.test.context.event.ApplicationEventsTestExecutionListener, org.springframework.test.context.support.DependencyInjectionTestExecutionListener, org.springframework.test.context.support.DirtiesContextTestExecutionListener, org.springframework.test.context.transaction.TransactionalTestExecutionListener, org.springframework.test.context.jdbc.SqlScriptsTestExecutionListener, org.springframework.test.context.event.EventPublishingTestExecutionListener]
22:12:30.108 [Test worker] INFO org.springframework.boot.test.context.SpringBootTestContextBootstrapper - Using TestExecutionListeners: [org.springframework.test.context.web.ServletTestExecutionListener@4a18774, org.springframework.test.context.support.DirtiesContextBeforeModesTestExecutionListener@5d8da4f2, org.springframework.test.context.event.ApplicationEventsTestExecutionListener@5cbe73de, org.springframework.boot.test.mock.mockito.MockitoTestExecutionListener@43cdfde3, org.springframework.boot.test.autoconfigure.SpringBootDependencyInjectionTestExecutionListener@4bdf58c9, org.springframework.test.context.support.DirtiesContextTestExecutionListener@7bc5cf74, org.springframework.test.context.transaction.TransactionalTestExecutionListener@544a7351, org.springframework.test.context.jdbc.SqlScriptsTestExecutionListener@78c4bede, org.springframework.test.context.event.EventPublishingTestExecutionListener@496ca81f, org.springframework.boot.test.autoconfigure.restdocs.RestDocsTestExecutionListener@1c077029, org.springframework.boot.test.autoconfigure.web.client.MockRestServiceServerResetTestExecutionListener@1bd04803, org.springframework.boot.test.autoconfigure.web.servlet.MockMvcPrintOnlyOnFailureTestExecutionListener@463f27e9, org.springframework.boot.test.autoconfigure.web.servlet.WebDriverTestExecutionListener@6a3f5361, org.springframework.boot.test.autoconfigure.webservices.client.MockWebServiceServerTestExecutionListener@4d1ee037, org.springframework.boot.test.mock.mockito.ResetMocksTestExecutionListener@549739c7]
22:12:30.112 [Test worker] DEBUG org.springframework.test.context.support.AbstractDirtiesContextTestExecutionListener - Before test class: context [DefaultTestContext@2c4d17ad testClass = ApiApplicationTests, testInstance = [null], testMethod = [null], testException = [null], mergedContextConfiguration = [WebMergedContextConfiguration@208ff5f1 testClass = ApiApplicationTests, locations = '{}', classes = '{class com.eusebioapps.api.ApiApplication}', contextInitializerClasses = '[]', activeProfiles = '{}', propertySourceLocations = '{}', propertySourceProperties = '{org.springframework.boot.test.context.SpringBootTestContextBootstrapper=true}', contextCustomizers = set[org.springframework.boot.test.autoconfigure.actuate.metrics.MetricsExportContextCustomizerFactory$DisableMetricExportContextCustomizer@7efe6125, org.springframework.boot.test.autoconfigure.properties.PropertyMappingContextCustomizer@0, org.springframework.boot.test.autoconfigure.web.servlet.WebDriverContextCustomizerFactory$Customizer@55a6c584, org.springframework.boot.test.context.filter.ExcludeFilterContextCustomizer@26242772, org.springframework.boot.test.json.DuplicateJsonObjectContextCustomizerFactory$DuplicateJsonObjectContextCustomizer@24c5a587, org.springframework.boot.test.mock.mockito.MockitoContextCustomizer@0, org.springframework.boot.test.web.client.TestRestTemplateContextCustomizer@120716f0, org.springframework.boot.test.context.SpringBootTestArgs@1, org.springframework.boot.test.context.SpringBootTestWebEnvironment@4b654aa2], resourceBasePath = 'src/main/webapp', contextLoader = 'org.springframework.boot.test.context.SpringBootContextLoader', parent = [null]], attributes = map['org.springframework.test.context.web.ServletTestExecutionListener.activateListener' -> true]], class annotated with @DirtiesContext [false] with mode [null].
22:12:30.153 [Test worker] DEBUG org.springframework.test.context.support.TestPropertySourceUtils - Adding inlined properties to environment: {spring.jmx.enabled=false, org.springframework.boot.test.context.SpringBootTestContextBootstrapper=true}

  .   ____          _            __ _ _
 /\\ / ___'_ __ _ _(_)_ __  __ _ \ \ \ \
( ( )\___ | '_ | '_| | '_ \/ _` | \ \ \ \
 \\/  ___)| |_)| | | | | || (_| |  ) ) ) )
  '  |____| .__|_| |_|_| |_\__, | / / / /
 =========|_|==============|___/=/_/_/_/
 :: Spring Boot ::                (v2.4.3)

2022-03-02 22:12:30.419  INFO 16932 --- [    Test worker] com.eusebioapps.api.ApiApplicationTests  : Starting ApiApplicationTests using Java 11 on EUSEBIO-PC with PID 16932 (started by aceeu in D:\Code\eusebioapps\churchqr\api)
2022-03-02 22:12:30.421 DEBUG 16932 --- [    Test worker] com.eusebioapps.api.ApiApplicationTests  : Running with Spring Boot v2.4.3, Spring v5.3.4
2022-03-02 22:12:30.423  INFO 16932 --- [    Test worker] com.eusebioapps.api.ApiApplicationTests  : No active profile set, falling back to default profiles: default
2022-03-02 22:12:31.738  INFO 16932 --- [    Test worker] .s.d.r.c.RepositoryConfigurationDelegate : Bootstrapping Spring Data JPA repositories in DEFAULT mode.
2022-03-02 22:12:31.801  INFO 16932 --- [    Test worker] .s.d.r.c.RepositoryConfigurationDelegate : Finished Spring Data repository scanning in 56 ms. Found 3 JPA repository interfaces.
2022-03-02 22:12:32.490  INFO 16932 --- [    Test worker] o.hibernate.jpa.internal.util.LogHelper  : HHH000204: Processing PersistenceUnitInfo [name: default]
2022-03-02 22:12:32.560  INFO 16932 --- [    Test worker] org.hibernate.Version                    : HHH000412: Hibernate ORM core version 5.4.28.Final
2022-03-02 22:12:32.736  INFO 16932 --- [    Test worker] o.hibernate.annotations.common.Version   : HCANN000001: Hibernate Commons Annotations {5.1.2.Final}
2022-03-02 22:12:32.869  INFO 16932 --- [    Test worker] com.zaxxer.hikari.HikariDataSource       : HikariPool-1 - Starting...
2022-03-02 22:12:33.260  INFO 16932 --- [    Test worker] com.zaxxer.hikari.HikariDataSource       : HikariPool-1 - Start completed.
2022-03-02 22:12:33.277  INFO 16932 --- [    Test worker] org.hibernate.dialect.Dialect            : HHH000400: Using dialect: org.hibernate.dialect.MySQL5InnoDBDialect
2022-03-02 22:12:34.128  INFO 16932 --- [    Test worker] o.h.e.t.j.p.i.JtaPlatformInitiator       : HHH000490: Using JtaPlatform implementation: [org.hibernate.engine.transaction.jta.platform.internal.NoJtaPlatform]
2022-03-02 22:12:34.139  INFO 16932 --- [    Test worker] j.LocalContainerEntityManagerFactoryBean : Initialized JPA EntityManagerFactory for persistence unit 'default'
2022-03-02 22:12:35.201  WARN 16932 --- [    Test worker] JpaBaseConfiguration$JpaWebConfiguration : spring.jpa.open-in-view is enabled by default. Therefore, database queries may be performed during view rendering. Explicitly configure spring.jpa.open-in-view to disable this warning
2022-03-02 22:12:35.581  INFO 16932 --- [    Test worker] o.s.s.concurrent.ThreadPoolTaskExecutor  : Initializing ExecutorService 'applicationTaskExecutor'
2022-03-02 22:12:36.171  INFO 16932 --- [    Test worker] o.s.s.c.ThreadPoolTaskScheduler          : Initializing ExecutorService 'taskScheduler'
2022-03-02 22:12:36.201  INFO 16932 --- [    Test worker] o.s.b.a.e.web.EndpointLinksResolver      : Exposing 2 endpoint(s) beneath base path '/actuator'
2022-03-02 22:12:36.261  INFO 16932 --- [    Test worker] com.eusebioapps.api.ApiApplicationTests  : Started ApiApplicationTests in 6.103 seconds (JVM running for 7.748)
]]></system-out>
  <system-err><![CDATA[]]></system-err>
</testsuite>
